[0.019s] Invoking command in '/home/ben/SNAKE/SOURCE/ros2/build/nodes_pkg': CMAKE_PREFIX_PATH=${CMAKE_PREFIX_PATH}:/opt/ros/humble /usr/bin/cmake --build /home/ben/SNAKE/SOURCE/ros2/build/nodes_pkg -- -j3 -l3
[0.082s] [35m[1mConsolidate compiler generated dependencies of target node1[0m
[0.108s] [ 50%] Built target node2
[0.122s] [ 75%] [32mBuilding CXX object CMakeFiles/node1.dir/src/node1.cpp.o[0m
[2.984s] [01m[K/home/ben/SNAKE/SOURCE/ros2/src/nodes_pkg/src/node1.cpp:[m[K In member function â€˜[01m[Kvoid Node1::get_parameters()[m[Kâ€™:
[2.984s] [01m[K/home/ben/SNAKE/SOURCE/ros2/src/nodes_pkg/src/node1.cpp:91:30:[m[K [01;31m[Kerror: [m[Kno matching function for call to â€˜[01m[KNode1::declare_parameter(const char [14], int, const char [5], int)[m[Kâ€™
[2.984s]    91 |       [01;31m[Kthis->declare_parameter("enc_per_joint",0, "yoni",0)[m[K;
[2.984s]       |       [01;31m[K~~~~~~~~~~~~~~~~~~~~~~~^~~~~~~~~~~~~~~~~~~~~~~~~~~~~[m[K
[2.985s] In file included from [01m[K/opt/ros/humble/include/rclcpp/rclcpp/executors/single_threaded_executor.hpp:28[m[K,
[2.985s]                  from [01m[K/opt/ros/humble/include/rclcpp/rclcpp/executors.hpp:22[m[K,
[2.985s]                  from [01m[K/opt/ros/humble/include/rclcpp/rclcpp/rclcpp.hpp:155[m[K,
[2.986s]                  from [01m[K/home/ben/SNAKE/SOURCE/ros2/src/nodes_pkg/src/node1.cpp:7[m[K:
[2.986s] [01m[K/opt/ros/humble/include/rclcpp/rclcpp/node.hpp:421:3:[m[K [01;36m[Knote: [m[Kcandidate: â€˜[01m[Ktemplate<class ParameterT> auto rclcpp::Node::declare_parameter(const string&, const ParameterT&, const ParameterDescriptor&, bool)[m[Kâ€™
[2.986s]   421 |   [01;36m[Kdeclare_parameter[m[K(
[2.987s]       |   [01;36m[K^~~~~~~~~~~~~~~~~[m[K
[2.987s] [01m[K/opt/ros/humble/include/rclcpp/rclcpp/node.hpp:421:3:[m[K [01;36m[Knote: [m[K  template argument deduction/substitution failed:
[2.987s] [01m[K/home/ben/SNAKE/SOURCE/ros2/src/nodes_pkg/src/node1.cpp:91:50:[m[K [01;36m[Knote: [m[K  cannot convert â€˜[01m[K"yoni"[m[Kâ€™ (type â€˜[01m[Kconst char [5][m[Kâ€™) to type â€˜[01m[Kconst ParameterDescriptor&[m[Kâ€™ {aka â€˜[01m[Kconst rcl_interfaces::msg::ParameterDescriptor_<std::allocator<void> >&[m[Kâ€™}
[2.987s]    91 |       this->declare_parameter("enc_per_joint",0, [01;36m[K"yoni"[m[K,0);
[2.987s]       |                                                  [01;36m[K^~~~~~[m[K
[2.987s] In file included from [01m[K/opt/ros/humble/include/rclcpp/rclcpp/executors/single_threaded_executor.hpp:28[m[K,
[2.987s]                  from [01m[K/opt/ros/humble/include/rclcpp/rclcpp/executors.hpp:22[m[K,
[2.988s]                  from [01m[K/opt/ros/humble/include/rclcpp/rclcpp/rclcpp.hpp:155[m[K,
[2.988s]                  from [01m[K/home/ben/SNAKE/SOURCE/ros2/src/nodes_pkg/src/node1.cpp:7[m[K:
[2.988s] [01m[K/opt/ros/humble/include/rclcpp/rclcpp/node.hpp:434:3:[m[K [01;36m[Knote: [m[Kcandidate: â€˜[01m[Ktemplate<class ParameterT> auto rclcpp::Node::declare_parameter(const string&, const ParameterDescriptor&, bool)[m[Kâ€™
[2.988s]   434 |   [01;36m[Kdeclare_parameter[m[K(
[2.988s]       |   [01;36m[K^~~~~~~~~~~~~~~~~[m[K
[2.988s] [01m[K/opt/ros/humble/include/rclcpp/rclcpp/node.hpp:434:3:[m[K [01;36m[Knote: [m[K  template argument deduction/substitution failed:
[2.989s] [01m[K/home/ben/SNAKE/SOURCE/ros2/src/nodes_pkg/src/node1.cpp:91:30:[m[K [01;36m[Knote: [m[K  candidate expects 3 arguments, 4 provided
[2.989s]    91 |       [01;36m[Kthis->declare_parameter("enc_per_joint",0, "yoni",0)[m[K;
[2.990s]       |       [01;36m[K~~~~~~~~~~~~~~~~~~~~~~~^~~~~~~~~~~~~~~~~~~~~~~~~~~~~[m[K
[2.990s] In file included from [01m[K/opt/ros/humble/include/rclcpp/rclcpp/executors/single_threaded_executor.hpp:28[m[K,
[2.990s]                  from [01m[K/opt/ros/humble/include/rclcpp/rclcpp/executors.hpp:22[m[K,
[2.990s]                  from [01m[K/opt/ros/humble/include/rclcpp/rclcpp/rclcpp.hpp:155[m[K,
[2.990s]                  from [01m[K/home/ben/SNAKE/SOURCE/ros2/src/nodes_pkg/src/node1.cpp:7[m[K:
[2.990s] [01m[K/opt/ros/humble/include/rclcpp/rclcpp/node.hpp:366:3:[m[K [01;36m[Knote: [m[Kcandidate: â€˜[01m[Kconst rclcpp::ParameterValue& rclcpp::Node::declare_parameter(const string&, const rclcpp::ParameterValue&, const ParameterDescriptor&, bool)[m[Kâ€™
[2.990s]   366 |   [01;36m[Kdeclare_parameter[m[K(
[2.990s]       |   [01;36m[K^~~~~~~~~~~~~~~~~[m[K
[2.990s] [01m[K/opt/ros/humble/include/rclcpp/rclcpp/node.hpp:368:36:[m[K [01;36m[Knote: [m[K  no known conversion for argument 2 from â€˜[01m[Kint[m[Kâ€™ to â€˜[01m[Kconst rclcpp::ParameterValue&[m[Kâ€™
[2.991s]   368 |     [01;36m[Kconst rclcpp::ParameterValue & default_value[m[K,
[2.991s]       |     [01;36m[K~~~~~~~~~~~~~~~~~~~~~~~~~~~~~~~^~~~~~~~~~~~~[m[K
[2.991s] [01m[K/opt/ros/humble/include/rclcpp/rclcpp/node.hpp:391:3:[m[K [01;36m[Knote: [m[Kcandidate: â€˜[01m[Kconst rclcpp::ParameterValue& rclcpp::Node::declare_parameter(const string&, rclcpp::ParameterType, const ParameterDescriptor&, bool)[m[Kâ€™
[2.991s]   391 |   [01;36m[Kdeclare_parameter[m[K(
[2.991s]       |   [01;36m[K^~~~~~~~~~~~~~~~~[m[K
[2.991s] [01m[K/opt/ros/humble/include/rclcpp/rclcpp/node.hpp:394:54:[m[K [01;36m[Knote: [m[K  no known conversion for argument 3 from â€˜[01m[Kconst char [5][m[Kâ€™ to â€˜[01m[Kconst ParameterDescriptor&[m[Kâ€™ {aka â€˜[01m[Kconst rcl_interfaces::msg::ParameterDescriptor_<std::allocator<void> >&[m[Kâ€™}
[2.991s]   394 |     [01;36m[Kconst rcl_interfaces::msg::ParameterDescriptor & parameter_descriptor =[m[K
[2.991s]       |     [01;36m[K~~~~~~~~~~~~~~~~~~~~~~~~~~~~~~~~~~~~~~~~~~~~~~~~~^~~~~~~~~~~~~~~~~~~~~~[m[K
[2.991s]   395 | [01;36m[K    rcl_interfaces::msg::ParameterDescriptor{}[m[K,
[2.991s]       |     [01;36m[K~~~~~~~~~~~~~~~~~~~~~~~~~~~~~~~~~~~~~~~~~~[m[K        
[5.558s] gmake[2]: *** [CMakeFiles/node1.dir/build.make:76: CMakeFiles/node1.dir/src/node1.cpp.o] Error 1
[5.559s] gmake[1]: *** [CMakeFiles/Makefile2:139: CMakeFiles/node1.dir/all] Error 2
[5.559s] gmake: *** [Makefile:146: all] Error 2
[5.562s] Invoked command in '/home/ben/SNAKE/SOURCE/ros2/build/nodes_pkg' returned '2': CMAKE_PREFIX_PATH=${CMAKE_PREFIX_PATH}:/opt/ros/humble /usr/bin/cmake --build /home/ben/SNAKE/SOURCE/ros2/build/nodes_pkg -- -j3 -l3
