[0.074s] Invoking command in '/home/ben/SNAKE/SOURCE/ros2/build/nodes_pkg': CMAKE_PREFIX_PATH=${CMAKE_PREFIX_PATH}:/opt/ros/humble /usr/bin/cmake --build /home/ben/SNAKE/SOURCE/ros2/build/nodes_pkg -- -j3 -l3
[0.459s] [35m[1mConsolidate compiler generated dependencies of target node1[0m
[0.640s] [ 50%] Built target node2
[0.684s] [ 75%] [32mBuilding CXX object CMakeFiles/node1.dir/src/node1.cpp.o[0m
[6.767s] [01m[K/home/ben/SNAKE/SOURCE/ros2/src/nodes_pkg/src/node1.cpp:[m[K In constructor â€˜[01m[KNode1::Node1()[m[Kâ€™:
[6.769s] [01m[K/home/ben/SNAKE/SOURCE/ros2/src/nodes_pkg/src/node1.cpp:34:68:[m[K [01;31m[Kerror: [m[Kexpected â€˜[01m[K)[m[Kâ€™ before â€˜[01m[Kms[m[Kâ€™
[6.769s]    34 |           controller_ = this->create_wall_timer(((int)(1/100*1000))[01;31m[Kms[m[K, std::bind(&Node1::timer_callback, this)); //publish motor cmd every second
[6.770s]       |                                                                    [01;31m[K^~[m[K
[6.771s] [01m[K/home/ben/SNAKE/SOURCE/ros2/src/nodes_pkg/src/node1.cpp:34:48:[m[K [01;36m[Knote: [m[Kto match this â€˜[01m[K([m[Kâ€™
[6.771s]    34 |           controller_ = this->create_wall_timer[01;36m[K([m[K((int)(1/100*1000))ms, std::bind(&Node1::timer_callback, this)); //publish motor cmd every second
[6.771s]       |                                                [01;36m[K^[m[K
[6.779s] [01m[K/home/ben/SNAKE/SOURCE/ros2/src/nodes_pkg/src/node1.cpp:34:48:[m[K [01;31m[Kerror: [m[Kno matching function for call to â€˜[01m[KNode1::create_wall_timer(int, std::_Bind_helper<false, void (Node1::*)(), Node1*>::type)[m[Kâ€™
[6.780s]    34 |           controller_ = [01;31m[Kthis->create_wall_timer(((int)(1/100*1000))ms, std::bind(&Node1::timer_callback, this))[m[K; //publish motor cmd every second
[6.780s]       |                         [01;31m[K~~~~~~~~~~~~~~~~~~~~~~~^~~~~~~~~~~~~~~~~~~~~~~~~~~~~~~~~~~~~~~~~~~~~~~~~~~~~~~~~~~~~~~~[m[K
[6.780s] In file included from [01m[K/opt/ros/humble/include/rclcpp/rclcpp/executors/single_threaded_executor.hpp:28[m[K,
[6.781s]                  from [01m[K/opt/ros/humble/include/rclcpp/rclcpp/executors.hpp:22[m[K,
[6.781s]                  from [01m[K/opt/ros/humble/include/rclcpp/rclcpp/rclcpp.hpp:155[m[K,
[6.781s]                  from [01m[K/home/ben/SNAKE/SOURCE/ros2/src/nodes_pkg/src/node1.cpp:6[m[K:
[6.781s] [01m[K/opt/ros/humble/include/rclcpp/rclcpp/node.hpp:238:3:[m[K [01;36m[Knote: [m[Kcandidate: â€˜[01m[Ktemplate<class DurationRepT, class DurationT, class CallbackT> typename rclcpp::WallTimer<CallbackT>::SharedPtr rclcpp::Node::create_wall_timer(std::chrono::duration<_Rep1, _Period1>, CallbackT, rclcpp::CallbackGroup::SharedPtr)[m[Kâ€™
[6.781s]   238 |   [01;36m[Kcreate_wall_timer[m[K(
[6.782s]       |   [01;36m[K^~~~~~~~~~~~~~~~~[m[K
[6.782s] [01m[K/opt/ros/humble/include/rclcpp/rclcpp/node.hpp:238:3:[m[K [01;36m[Knote: [m[K  template argument deduction/substitution failed:
[6.782s] [01m[K/home/ben/SNAKE/SOURCE/ros2/src/nodes_pkg/src/node1.cpp:34:48:[m[K [01;36m[Knote: [m[K  mismatched types â€˜[01m[Kstd::chrono::duration<_Rep1, _Period1>[m[Kâ€™ and â€˜[01m[Kint[m[Kâ€™
[6.783s]    34 |           controller_ = [01;36m[Kthis->create_wall_timer(((int)(1/100*1000))ms, std::bind(&Node1::timer_callback, this))[m[K; //publish motor cmd every second
[6.784s]       |                         [01;36m[K~~~~~~~~~~~~~~~~~~~~~~~^~~~~~~~~~~~~~~~~~~~~~~~~~~~~~~~~~~~~~~~~~~~~~~~~~~~~~~~~~~~~~~~[m[K
[10.817s] gmake[2]: *** [CMakeFiles/node1.dir/build.make:76: CMakeFiles/node1.dir/src/node1.cpp.o] Error 1
[10.818s] gmake[1]: *** [CMakeFiles/Makefile2:139: CMakeFiles/node1.dir/all] Error 2
[10.818s] gmake: *** [Makefile:146: all] Error 2
[10.826s] Invoked command in '/home/ben/SNAKE/SOURCE/ros2/build/nodes_pkg' returned '2': CMAKE_PREFIX_PATH=${CMAKE_PREFIX_PATH}:/opt/ros/humble /usr/bin/cmake --build /home/ben/SNAKE/SOURCE/ros2/build/nodes_pkg -- -j3 -l3
