[0.017s] Invoking command in '/home/ben/SNAKE/SOURCE/ros2/build/nodes_pkg': CMAKE_PREFIX_PATH=${CMAKE_PREFIX_PATH}:/opt/ros/humble /usr/bin/cmake --build /home/ben/SNAKE/SOURCE/ros2/build/nodes_pkg -- -j3 -l3
[0.067s] [35m[1mConsolidate compiler generated dependencies of target node1[0m
[0.087s] [ 50%] Built target node2
[0.088s] [ 75%] [32mBuilding CXX object CMakeFiles/node1.dir/src/node1.cpp.o[0m
[2.973s] [01m[K/home/ben/SNAKE/SOURCE/ros2/src/nodes_pkg/src/node1.cpp:[m[K In member function â€˜[01m[Kvoid Node1::get_parameters()[m[Kâ€™:
[2.973s] [01m[K/home/ben/SNAKE/SOURCE/ros2/src/nodes_pkg/src/node1.cpp:98:106:[m[K [01;31m[Kerror: [m[Kcannot convert â€˜[01m[Kconst std::vector<double, std::allocator<double> >[m[Kâ€™ to â€˜[01m[Kint[m[Kâ€™ in assignment
[2.973s]    98 | [01;31m[Keter("enc_per_joint").get_parameter_value().get<std::vector<double>>()[m[K;
[2.973s]       | [01;31m[K~~~~~~~~~~~~~~~~~~~~~~~~~~~~~~~~~~~~~~~~~~~~~~~~~~~~~~~~~~~~~~~~~~~~^~[m[K
[2.973s]       |                                                                     [01;31m[K|[m[K
[2.973s]       |                                                                     [01;31m[Kconst std::vector<double, std::allocator<double> >[m[K
[2.973s] 
[6.122s] gmake[2]: *** [CMakeFiles/node1.dir/build.make:76: CMakeFiles/node1.dir/src/node1.cpp.o] Error 1
[6.122s] gmake[1]: *** [CMakeFiles/Makefile2:139: CMakeFiles/node1.dir/all] Error 2
[6.123s] gmake: *** [Makefile:146: all] Error 2
[6.128s] Invoked command in '/home/ben/SNAKE/SOURCE/ros2/build/nodes_pkg' returned '2': CMAKE_PREFIX_PATH=${CMAKE_PREFIX_PATH}:/opt/ros/humble /usr/bin/cmake --build /home/ben/SNAKE/SOURCE/ros2/build/nodes_pkg -- -j3 -l3
