[ 50%] Built target node2
[35m[1mConsolidate compiler generated dependencies of target node1[0m
[ 75%] [32mBuilding CXX object CMakeFiles/node1.dir/src/node1.cpp.o[0m
[01m[K/home/ben/SNAKE/SOURCE/ros2/src/nodes_pkg/src/node1.cpp:[m[K In member function â€˜[01m[Kvoid Node1::get_parameters()[m[Kâ€™:
[01m[K/home/ben/SNAKE/SOURCE/ros2/src/nodes_pkg/src/node1.cpp:102:40:[m[K [01;31m[Kerror: [m[Kâ€˜[01m[Kclass rclcpp::Parameter[m[Kâ€™ has no member named â€˜[01m[Kas_float_array[m[Kâ€™; did you mean â€˜[01m[Kas_bool_array[m[Kâ€™?
  102 |        kp_ = this->get_parameter("kp").[01;31m[Kas_float_array[m[K();
      |                                        [01;31m[K^~~~~~~~~~~~~~[m[K
      |                                        [32m[Kas_bool_array[m[K
gmake[2]: *** [CMakeFiles/node1.dir/build.make:76: CMakeFiles/node1.dir/src/node1.cpp.o] Error 1
gmake[1]: *** [CMakeFiles/Makefile2:139: CMakeFiles/node1.dir/all] Error 2
gmake: *** [Makefile:146: all] Error 2
