[0.019s] Invoking command in '/home/ben/SNAKE/SOURCE/ros2/build/nodes_pkg': CMAKE_PREFIX_PATH=${CMAKE_PREFIX_PATH}:/opt/ros/humble /usr/bin/cmake --build /home/ben/SNAKE/SOURCE/ros2/build/nodes_pkg -- -j3 -l3
[0.069s] [35m[1mConsolidate compiler generated dependencies of target node1[0m
[0.084s] [ 50%] Built target node2
[0.104s] [ 75%] [32mBuilding CXX object CMakeFiles/node1.dir/src/node1.cpp.o[0m
[2.442s] [01m[K/home/ben/SNAKE/SOURCE/ros2/src/nodes_pkg/src/node1.cpp:113:25:[m[K [01;31m[Kerror: [m[Kâ€˜[01m[Kenc_per_joint_[m[Kâ€™ was not declared in this scope
[2.442s]   113 |     float joint_cmd_val[[01;31m[Kenc_per_joint_[m[K*linked_joints_]={0}; // [joint*enc_linked] ******* positive val in the direction of pulling the string
[2.442s]       |                         [01;31m[K^~~~~~~~~~~~~~[m[K
[2.451s] [01m[K/home/ben/SNAKE/SOURCE/ros2/src/nodes_pkg/src/node1.cpp:113:40:[m[K [01;31m[Kerror: [m[Kâ€˜[01m[Klinked_joints_[m[Kâ€™ was not declared in this scope
[2.451s]   113 |     float joint_cmd_val[enc_per_joint_*[01;31m[Klinked_joints_[m[K]={0}; // [joint*enc_linked] ******* positive val in the direction of pulling the string
[2.451s]       |                                        [01;31m[K^~~~~~~~~~~~~~[m[K
[2.459s] [01m[K/home/ben/SNAKE/SOURCE/ros2/src/nodes_pkg/src/node1.cpp:114:27:[m[K [01;31m[Kerror: [m[Kâ€˜[01m[Kenc_per_joint_[m[Kâ€™ was not declared in this scope
[2.459s]   114 |     float current_enc_val[[01;31m[Kenc_per_joint_[m[K*linked_joints_]={0};
[2.459s]       |                           [01;31m[K^~~~~~~~~~~~~~[m[K
[2.465s] [01m[K/home/ben/SNAKE/SOURCE/ros2/src/nodes_pkg/src/node1.cpp:114:42:[m[K [01;31m[Kerror: [m[Kâ€˜[01m[Klinked_joints_[m[Kâ€™ was not declared in this scope
[2.466s]   114 |     float current_enc_val[enc_per_joint_*[01;31m[Klinked_joints_[m[K]={0};
[2.466s]       |                                          [01;31m[K^~~~~~~~~~~~~~[m[K
[2.472s] [01m[K/home/ben/SNAKE/SOURCE/ros2/src/nodes_pkg/src/node1.cpp:115:24:[m[K [01;31m[Kerror: [m[Kâ€˜[01m[Kenc_per_joint_[m[Kâ€™ was not declared in this scope
[2.472s]   115 |     float last_enc_val[[01;31m[Kenc_per_joint_[m[K*linked_joints_]={0};
[2.472s]       |                        [01;31m[K^~~~~~~~~~~~~~[m[K
[2.478s] [01m[K/home/ben/SNAKE/SOURCE/ros2/src/nodes_pkg/src/node1.cpp:115:39:[m[K [01;31m[Kerror: [m[Kâ€˜[01m[Klinked_joints_[m[Kâ€™ was not declared in this scope
[2.478s]   115 |     float last_enc_val[enc_per_joint_*[01;31m[Klinked_joints_[m[K]={0};
[2.478s]       |                                       [01;31m[K^~~~~~~~~~~~~~[m[K
[2.485s] [01m[K/home/ben/SNAKE/SOURCE/ros2/src/nodes_pkg/src/node1.cpp:116:31:[m[K [01;31m[Kerror: [m[Kâ€˜[01m[Kstrings_per_joint_[m[Kâ€™ was not declared in this scope
[2.485s]   116 |     float current_tension_val[[01;31m[Kstrings_per_joint_[m[K*(linked_joints_+1)]={0}; // adding 1 for now need to be corrected
[2.485s]       |                               [01;31m[K^~~~~~~~~~~~~~~~~~[m[K
[2.491s] [01m[K/home/ben/SNAKE/SOURCE/ros2/src/nodes_pkg/src/node1.cpp:116:51:[m[K [01;31m[Kerror: [m[Kâ€˜[01m[Klinked_joints_[m[Kâ€™ was not declared in this scope
[2.491s]   116 |     float current_tension_val[strings_per_joint_*([01;31m[Klinked_joints_[m[K+1)]={0}; // adding 1 for now need to be corrected
[2.491s]       |                                                   [01;31m[K^~~~~~~~~~~~~~[m[K
[2.498s] [01m[K/home/ben/SNAKE/SOURCE/ros2/src/nodes_pkg/src/node1.cpp:117:28:[m[K [01;31m[Kerror: [m[Kâ€˜[01m[Kstrings_per_joint_[m[Kâ€™ was not declared in this scope
[2.498s]   117 |     float last_tension_val[[01;31m[Kstrings_per_joint_[m[K*(linked_joints_+1)]={0};// adding 1 for now need to be corrected
[2.498s]       |                            [01;31m[K^~~~~~~~~~~~~~~~~~[m[K
[2.504s] [01m[K/home/ben/SNAKE/SOURCE/ros2/src/nodes_pkg/src/node1.cpp:117:48:[m[K [01;31m[Kerror: [m[Kâ€˜[01m[Klinked_joints_[m[Kâ€™ was not declared in this scope
[2.504s]   117 |     float last_tension_val[strings_per_joint_*([01;31m[Klinked_joints_[m[K+1)]={0};// adding 1 for now need to be corrected
[2.504s]       |                                                [01;31m[K^~~~~~~~~~~~~~[m[K
[2.511s] [01m[K/home/ben/SNAKE/SOURCE/ros2/src/nodes_pkg/src/node1.cpp:118:25:[m[K [01;31m[Kerror: [m[Kâ€˜[01m[Kstrings_per_joint_[m[Kâ€™ was not declared in this scope
[2.511s]   118 |     float motor_cmd_val[[01;31m[Kstrings_per_joint_[m[K*(linked_joints_+1)]={0};// adding 1 for now need to be corrected
[2.512s]       |                         [01;31m[K^~~~~~~~~~~~~~~~~~[m[K
[2.517s] [01m[K/home/ben/SNAKE/SOURCE/ros2/src/nodes_pkg/src/node1.cpp:118:45:[m[K [01;31m[Kerror: [m[Kâ€˜[01m[Klinked_joints_[m[Kâ€™ was not declared in this scope
[2.518s]   118 |     float motor_cmd_val[strings_per_joint_*([01;31m[Klinked_joints_[m[K+1)]={0};// adding 1 for now need to be corrected
[2.518s]       |                                             [01;31m[K^~~~~~~~~~~~~~[m[K
[2.518s] [01m[K/home/ben/SNAKE/SOURCE/ros2/src/nodes_pkg/src/node1.cpp:125:40:[m[K [01;31m[Kerror: [m[Kredeclaration of â€˜[01m[Kint Node1::linked_joints_[m[Kâ€™
[2.518s]   125 |     int controller_freq_,linked_joints_[01;31m[K,[m[Kstrings_per_joint_,max_pwm_,enc_z_,enc_y_;
[2.518s]       |                                        [01;31m[K^[m[K
[2.518s] [01m[K/home/ben/SNAKE/SOURCE/ros2/src/nodes_pkg/src/node1.cpp:123:10:[m[K [01;36m[Knote: [m[Kprevious declaration â€˜[01m[Kint Node1::linked_joints_[m[Kâ€™
[2.518s]   123 |     int  [01;36m[Klinked_joints_[m[K=1;
[2.519s]       |          [01;36m[K^~~~~~~~~~~~~~[m[K
[2.519s] [01m[K/home/ben/SNAKE/SOURCE/ros2/src/nodes_pkg/src/node1.cpp:125:59:[m[K [01;31m[Kerror: [m[Kredeclaration of â€˜[01m[Kint Node1::strings_per_joint_[m[Kâ€™
[2.519s]   125 |     int controller_freq_,linked_joints_,strings_per_joint_[01;31m[K,[m[Kmax_pwm_,enc_z_,enc_y_;
[2.519s]       |                                                           [01;31m[K^[m[K
[2.519s] [01m[K/home/ben/SNAKE/SOURCE/ros2/src/nodes_pkg/src/node1.cpp:124:10:[m[K [01;36m[Knote: [m[Kprevious declaration â€˜[01m[Kint Node1::strings_per_joint_[m[Kâ€™
[2.519s]   124 |     int  [01;36m[Kstrings_per_joint_[m[K=1;
[2.520s]       |          [01;36m[K^~~~~~~~~~~~~~~~~~[m[K
[2.543s] [01m[K/home/ben/SNAKE/SOURCE/ros2/src/nodes_pkg/src/node1.cpp:[m[K In member function â€˜[01m[Kvoid Node1::joint_val_callback(std_msgs::msg::Float32MultiArray)[m[Kâ€™:
[2.543s] [01m[K/home/ben/SNAKE/SOURCE/ros2/src/nodes_pkg/src/node1.cpp:47:9:[m[K [01;31m[Kerror: [m[Kâ€˜[01m[Kcurrent_enc_val[m[Kâ€™ was not declared in this scope
[2.543s]    47 |         [01;31m[Kcurrent_enc_val[m[K[i]=msg.data[i];
[2.543s]       |         [01;31m[K^~~~~~~~~~~~~~~[m[K
[2.550s] [01m[K/home/ben/SNAKE/SOURCE/ros2/src/nodes_pkg/src/node1.cpp:[m[K In member function â€˜[01m[Kvoid Node1::joint_cmd_callback(std_msgs::msg::Float32MultiArray)[m[Kâ€™:
[2.550s] [01m[K/home/ben/SNAKE/SOURCE/ros2/src/nodes_pkg/src/node1.cpp:54:9:[m[K [01;31m[Kerror: [m[Kâ€˜[01m[Kjoint_cmd_val[m[Kâ€™ was not declared in this scope; did you mean â€˜[01m[Kjoint_cmd_callback[m[Kâ€™?
[2.550s]    54 |         [01;31m[Kjoint_cmd_val[m[K[i]=msg.data[i];
[2.551s]       |         [01;31m[K^~~~~~~~~~~~~[m[K
[2.551s]       |         [32m[Kjoint_cmd_callback[m[K
[2.558s] [01m[K/home/ben/SNAKE/SOURCE/ros2/src/nodes_pkg/src/node1.cpp:[m[K In member function â€˜[01m[Kvoid Node1::tension_val_callback(std_msgs::msg::Float32MultiArray)[m[Kâ€™:
[2.558s] [01m[K/home/ben/SNAKE/SOURCE/ros2/src/nodes_pkg/src/node1.cpp:78:9:[m[K [01;31m[Kerror: [m[Kâ€˜[01m[Kcurrent_tension_val[m[Kâ€™ was not declared in this scope
[2.558s]    78 |         [01;31m[Kcurrent_tension_val[m[K[i]=msg.data[i];
[2.559s]       |         [01;31m[K^~~~~~~~~~~~~~~~~~~[m[K
[5.233s] gmake[2]: *** [CMakeFiles/node1.dir/build.make:76: CMakeFiles/node1.dir/src/node1.cpp.o] Error 1
[5.233s] gmake[1]: *** [CMakeFiles/Makefile2:139: CMakeFiles/node1.dir/all] Error 2
[5.233s] gmake: *** [Makefile:146: all] Error 2
[5.235s] Invoked command in '/home/ben/SNAKE/SOURCE/ros2/build/nodes_pkg' returned '2': CMAKE_PREFIX_PATH=${CMAKE_PREFIX_PATH}:/opt/ros/humble /usr/bin/cmake --build /home/ben/SNAKE/SOURCE/ros2/build/nodes_pkg -- -j3 -l3
