[0.020s] Invoking command in '/home/ben/SNAKE/SOURCE/ros2/build/nodes_pkg': CMAKE_PREFIX_PATH=${CMAKE_PREFIX_PATH}:/opt/ros/humble /usr/bin/cmake --build /home/ben/SNAKE/SOURCE/ros2/build/nodes_pkg -- -j3 -l3
[0.080s] [35m[1mConsolidate compiler generated dependencies of target node1[0m
[0.096s] [ 50%] Built target node2
[0.110s] [ 75%] [32mBuilding CXX object CMakeFiles/node1.dir/src/node1.cpp.o[0m
[2.650s] [01m[K/home/ben/SNAKE/SOURCE/ros2/src/nodes_pkg/src/node1.cpp:[m[K In member function â€˜[01m[Kvoid Node1::get_parameters()[m[Kâ€™:
[2.651s] [01m[K/home/ben/SNAKE/SOURCE/ros2/src/nodes_pkg/src/node1.cpp:91:31:[m[K [01;31m[Kerror: [m[Kno matching function for call to â€˜[01m[KNode1::declare_parameters(const char [14], const char [7])[m[Kâ€™
[2.651s]    91 |       [01;31m[Kthis->declare_parameters("enc_per_joint","shalom")[m[K;
[2.651s]       |       [01;31m[K~~~~~~~~~~~~~~~~~~~~~~~~^~~~~~~~~~~~~~~~~~~~~~~~~~[m[K
[2.651s] In file included from [01m[K/opt/ros/humble/include/rclcpp/rclcpp/executors/single_threaded_executor.hpp:28[m[K,
[2.651s]                  from [01m[K/opt/ros/humble/include/rclcpp/rclcpp/executors.hpp:22[m[K,
[2.651s]                  from [01m[K/opt/ros/humble/include/rclcpp/rclcpp/rclcpp.hpp:155[m[K,
[2.651s]                  from [01m[K/home/ben/SNAKE/SOURCE/ros2/src/nodes_pkg/src/node1.cpp:7[m[K:
[2.651s] [01m[K/opt/ros/humble/include/rclcpp/rclcpp/node.hpp:478:3:[m[K [01;36m[Knote: [m[Kcandidate: â€˜[01m[Ktemplate<class ParameterT> std::vector<BufferT> rclcpp::Node::declare_parameters(const string&, const std::map<std::__cxx11::basic_string<char>, ParameterT>&, bool)[m[Kâ€™
[2.652s]   478 |   [01;36m[Kdeclare_parameters[m[K(
[2.652s]       |   [01;36m[K^~~~~~~~~~~~~~~~~~[m[K
[2.652s] [01m[K/opt/ros/humble/include/rclcpp/rclcpp/node.hpp:478:3:[m[K [01;36m[Knote: [m[K  template argument deduction/substitution failed:
[2.652s] [01m[K/home/ben/SNAKE/SOURCE/ros2/src/nodes_pkg/src/node1.cpp:91:31:[m[K [01;36m[Knote: [m[K  mismatched types â€˜[01m[Kconst std::map<std::__cxx11::basic_string<char>, ParameterT>[m[Kâ€™ and â€˜[01m[Kconst char [7][m[Kâ€™
[2.652s]    91 |       [01;36m[Kthis->declare_parameters("enc_per_joint","shalom")[m[K;
[2.652s]       |       [01;36m[K~~~~~~~~~~~~~~~~~~~~~~~~^~~~~~~~~~~~~~~~~~~~~~~~~~[m[K
[2.652s] In file included from [01m[K/opt/ros/humble/include/rclcpp/rclcpp/executors/single_threaded_executor.hpp:28[m[K,
[2.652s]                  from [01m[K/opt/ros/humble/include/rclcpp/rclcpp/executors.hpp:22[m[K,
[2.652s]                  from [01m[K/opt/ros/humble/include/rclcpp/rclcpp/rclcpp.hpp:155[m[K,
[2.652s]                  from [01m[K/home/ben/SNAKE/SOURCE/ros2/src/nodes_pkg/src/node1.cpp:7[m[K:
[2.652s] [01m[K/opt/ros/humble/include/rclcpp/rclcpp/node.hpp:492:3:[m[K [01;36m[Knote: [m[Kcandidate: â€˜[01m[Ktemplate<class ParameterT> std::vector<BufferT> rclcpp::Node::declare_parameters(const string&, const std::map<std::__cxx11::basic_string<char>, std::pair<ParameterT, rcl_interfaces::msg::ParameterDescriptor_<std::allocator<void> > > >&, bool)[m[Kâ€™
[2.652s]   492 |   [01;36m[Kdeclare_parameters[m[K(
[2.652s]       |   [01;36m[K^~~~~~~~~~~~~~~~~~[m[K
[2.652s] [01m[K/opt/ros/humble/include/rclcpp/rclcpp/node.hpp:492:3:[m[K [01;36m[Knote: [m[K  template argument deduction/substitution failed:
[2.652s] [01m[K/home/ben/SNAKE/SOURCE/ros2/src/nodes_pkg/src/node1.cpp:91:31:[m[K [01;36m[Knote: [m[K  mismatched types â€˜[01m[Kconst std::map<std::__cxx11::basic_string<char>, std::pair<ParameterT, rcl_interfaces::msg::ParameterDescriptor_<std::allocator<void> > > >[m[Kâ€™ and â€˜[01m[Kconst char [7][m[Kâ€™
[2.653s]    91 |       [01;36m[Kthis->declare_parameters("enc_per_joint","shalom")[m[K;
[2.653s]       |       [01;36m[K~~~~~~~~~~~~~~~~~~~~~~~~^~~~~~~~~~~~~~~~~~~~~~~~~~[m[K
[5.213s] gmake[2]: *** [CMakeFiles/node1.dir/build.make:76: CMakeFiles/node1.dir/src/node1.cpp.o] Error 1
[5.213s] gmake[1]: *** [CMakeFiles/Makefile2:139: CMakeFiles/node1.dir/all] Error 2
[5.213s] gmake: *** [Makefile:146: all] Error 2
[5.215s] Invoked command in '/home/ben/SNAKE/SOURCE/ros2/build/nodes_pkg' returned '2': CMAKE_PREFIX_PATH=${CMAKE_PREFIX_PATH}:/opt/ros/humble /usr/bin/cmake --build /home/ben/SNAKE/SOURCE/ros2/build/nodes_pkg -- -j3 -l3
