[0.000000] (-) TimerEvent: {}
[0.001182] (-) JobUnselected: {'identifier': 'launch_files'}
[0.001250] (nodes_pkg) JobQueued: {'identifier': 'nodes_pkg', 'dependencies': OrderedDict()}
[0.001652] (nodes_pkg) JobStarted: {'identifier': 'nodes_pkg'}
[0.016074] (nodes_pkg) JobProgress: {'identifier': 'nodes_pkg', 'progress': 'cmake'}
[0.016806] (nodes_pkg) JobProgress: {'identifier': 'nodes_pkg', 'progress': 'build'}
[0.017503] (nodes_pkg) Command: {'cmd': ['/usr/bin/cmake', '--build', '/home/ben/SNAKE/SOURCE/ros2/build/nodes_pkg', '--', '-j3', '-l3'], 'cwd': '/home/ben/SNAKE/SOURCE/ros2/build/nodes_pkg', 'env': OrderedDict([('GJS_DEBUG_TOPICS', 'JS ERROR;JS LOG'), ('LESSOPEN', '| /usr/bin/lesspipe %s'), ('LANGUAGE', 'en_IL:en'), ('USER', 'ben'), ('XDG_SESSION_TYPE', 'wayland'), ('SHLVL', '1'), ('LD_LIBRARY_PATH', '/home/ben/ros2_ws/install/tutorial_interfaces/lib:/opt/ros/humble/opt/rviz_ogre_vendor/lib:/opt/ros/humble/lib/x86_64-linux-gnu:/opt/ros/humble/lib'), ('HOME', '/home/ben'), ('OLDPWD', '/home/ben/SNAKE/SOURCE/ros2/config'), ('DESKTOP_SESSION', 'ubuntu'), ('GIO_LAUNCHED_DESKTOP_FILE', '/usr/share/applications/terminator.desktop'), ('ROS_PYTHON_VERSION', '3'), ('GNOME_SHELL_SESSION_MODE', 'ubuntu'), ('GTK_MODULES', 'gail:atk-bridge'), ('MANAGERPID', '1741'), ('SYSTEMD_EXEC_PID', '2136'), ('DBUS_SESSION_BUS_ADDRESS', 'unix:path=/run/user/1000/bus'), ('COLORTERM', 'truecolor'), ('TERMINATOR_DBUS_NAME', 'net.tenshu.Terminator25ef4b219e3b005583550f2b0f9f990c3'), ('GIO_LAUNCHED_DESKTOP_FILE_PID', '6256'), ('IM_CONFIG_PHASE', '1'), ('WAYLAND_DISPLAY', 'wayland-0'), ('COLCON_PREFIX_PATH', '/home/ben/SNAKE/SOURCE/ros2/install:/home/ben/ros2_ws/install'), ('ROS_DISTRO', 'humble'), ('LOGNAME', 'ben'), ('JOURNAL_STREAM', '8:51720'), ('_', '/usr/bin/colcon'), ('ROS_VERSION', '2'), ('XDG_SESSION_CLASS', 'user'), ('USERNAME', 'ben'), ('TERM', 'xterm-256color'), ('GNOME_DESKTOP_SESSION_ID', 'this-is-deprecated'), ('ROS_LOCALHOST_ONLY', '0'), ('PATH', '/opt/ros/humble/bin:/usr/local/sbin:/usr/local/bin:/usr/sbin:/usr/bin:/sbin:/bin:/usr/games:/usr/local/games:/snap/bin:/snap/bin'), ('SESSION_MANAGER', 'local/ben-virtual-machine:@/tmp/.ICE-unix/2084,unix/ben-virtual-machine:/tmp/.ICE-unix/2084'), ('INVOCATION_ID', 'a50475cbe1ba42f0a5685aac324a4ceb'), ('XDG_MENU_PREFIX', 'gnome-'), ('GNOME_SETUP_DISPLAY', ':1'), ('XDG_RUNTIME_DIR', '/run/user/1000'), ('DISPLAY', ':0'), ('TERMINATOR_DBUS_PATH', '/net/tenshu/Terminator2'), ('LANG', 'en_US.UTF-8'), ('XDG_CURRENT_DESKTOP', 'ubuntu:GNOME'), ('IBUS_DISABLE_SNOOPER', '1'), ('XMODIFIERS', '@im=ibus'), ('XDG_SESSION_DESKTOP', 'ubuntu'), ('XAUTHORITY', '/run/user/1000/.mutter-Xwaylandauth.2KYAW1'), ('LS_COLORS', 'rs=0:di=01;34:ln=01;36:mh=00:pi=40;33:so=01;35:do=01;35:bd=40;33;01:cd=40;33;01:or=40;31;01:mi=00:su=37;41:sg=30;43:ca=30;41:tw=30;42:ow=34;42:st=37;44:ex=01;32:*.tar=01;31:*.tgz=01;31:*.arc=01;31:*.arj=01;31:*.taz=01;31:*.lha=01;31:*.lz4=01;31:*.lzh=01;31:*.lzma=01;31:*.tlz=01;31:*.txz=01;31:*.tzo=01;31:*.t7z=01;31:*.zip=01;31:*.z=01;31:*.dz=01;31:*.gz=01;31:*.lrz=01;31:*.lz=01;31:*.lzo=01;31:*.xz=01;31:*.zst=01;31:*.tzst=01;31:*.bz2=01;31:*.bz=01;31:*.tbz=01;31:*.tbz2=01;31:*.tz=01;31:*.deb=01;31:*.rpm=01;31:*.jar=01;31:*.war=01;31:*.ear=01;31:*.sar=01;31:*.rar=01;31:*.alz=01;31:*.ace=01;31:*.zoo=01;31:*.cpio=01;31:*.7z=01;31:*.rz=01;31:*.cab=01;31:*.wim=01;31:*.swm=01;31:*.dwm=01;31:*.esd=01;31:*.jpg=01;35:*.jpeg=01;35:*.mjpg=01;35:*.mjpeg=01;35:*.gif=01;35:*.bmp=01;35:*.pbm=01;35:*.pgm=01;35:*.ppm=01;35:*.tga=01;35:*.xbm=01;35:*.xpm=01;35:*.tif=01;35:*.tiff=01;35:*.png=01;35:*.svg=01;35:*.svgz=01;35:*.mng=01;35:*.pcx=01;35:*.mov=01;35:*.mpg=01;35:*.mpeg=01;35:*.m2v=01;35:*.mkv=01;35:*.webm=01;35:*.webp=01;35:*.ogm=01;35:*.mp4=01;35:*.m4v=01;35:*.mp4v=01;35:*.vob=01;35:*.qt=01;35:*.nuv=01;35:*.wmv=01;35:*.asf=01;35:*.rm=01;35:*.rmvb=01;35:*.flc=01;35:*.avi=01;35:*.fli=01;35:*.flv=01;35:*.gl=01;35:*.dl=01;35:*.xcf=01;35:*.xwd=01;35:*.yuv=01;35:*.cgm=01;35:*.emf=01;35:*.ogv=01;35:*.ogx=01;35:*.aac=00;36:*.au=00;36:*.flac=00;36:*.m4a=00;36:*.mid=00;36:*.midi=00;36:*.mka=00;36:*.mp3=00;36:*.mpc=00;36:*.ogg=00;36:*.ra=00;36:*.wav=00;36:*.oga=00;36:*.opus=00;36:*.spx=00;36:*.xspf=00;36:'), ('SSH_AGENT_LAUNCHER', 'gnome-keyring'), ('SSH_AUTH_SOCK', '/run/user/1000/keyring/ssh'), ('AMENT_PREFIX_PATH', '/home/ben/SNAKE/SOURCE/ros2/install/nodes_pkg:/home/ben/SNAKE/SOURCE/ros2/install/launch_files:/home/ben/ros2_ws/install/my_robot_bringup:/home/ben/ros2_ws/install/my_cpp_pkg:/home/ben/ros2_ws/install/tutorial_interfaces:/home/ben/ros2_ws/install/spot_micro:/opt/ros/humble'), ('SHELL', '/bin/bash'), ('TERMINATOR_UUID', 'urn:uuid:b3835649-1ed5-4f20-864f-88f8500dddf1'), ('QT_ACCESSIBILITY', '1'), ('GDMSESSION', 'ubuntu'), ('LESSCLOSE', '/usr/bin/lesspipe %s %s'), ('GJS_DEBUG_OUTPUT', 'stderr'), ('QT_IM_MODULE', 'ibus'), ('PWD', '/home/ben/SNAKE/SOURCE/ros2/build/nodes_pkg'), ('LC_ALL', 'en_US.UTF-8'), ('XDG_CONFIG_DIRS', '/etc/xdg/xdg-ubuntu:/etc/xdg'), ('XDG_DATA_DIRS', '/usr/share/ubuntu:/usr/local/share/:/usr/share/:/var/lib/snapd/desktop'), ('PYTHONPATH', '/home/ben/ros2_ws/install/tutorial_interfaces/local/lib/python3.10/dist-packages:/opt/ros/humble/lib/python3.10/site-packages:/opt/ros/humble/local/lib/python3.10/dist-packages'), ('COLCON', '1'), ('VTE_VERSION', '6800'), ('CMAKE_PREFIX_PATH', '/home/ben/SNAKE/SOURCE/ros2/install/nodes_pkg:/home/ben/SNAKE/SOURCE/ros2/install/launch_files:/home/ben/ros2_ws/install/my_robot_bringup:/home/ben/ros2_ws/install/my_cpp_pkg:/home/ben/ros2_ws/install/tutorial_interfaces:/home/ben/ros2_ws/install/spot_micro:/opt/ros/humble')]), 'shell': False}
[0.082975] (nodes_pkg) StdoutLine: {'line': b'\x1b[35m\x1b[1mConsolidate compiler generated dependencies of target node1\x1b[0m\n'}
[0.099546] (-) TimerEvent: {}
[0.109606] (nodes_pkg) StdoutLine: {'line': b'[ 50%] Built target node2\n'}
[0.123910] (nodes_pkg) StdoutLine: {'line': b'[ 75%] \x1b[32mBuilding CXX object CMakeFiles/node1.dir/src/node1.cpp.o\x1b[0m\n'}
[0.199693] (-) TimerEvent: {}
[0.299989] (-) TimerEvent: {}
[0.400298] (-) TimerEvent: {}
[0.500703] (-) TimerEvent: {}
[0.601411] (-) TimerEvent: {}
[0.701777] (-) TimerEvent: {}
[0.802110] (-) TimerEvent: {}
[0.902478] (-) TimerEvent: {}
[1.002872] (-) TimerEvent: {}
[1.103258] (-) TimerEvent: {}
[1.203593] (-) TimerEvent: {}
[1.303923] (-) TimerEvent: {}
[1.404331] (-) TimerEvent: {}
[1.504712] (-) TimerEvent: {}
[1.605056] (-) TimerEvent: {}
[1.705468] (-) TimerEvent: {}
[1.805958] (-) TimerEvent: {}
[1.906635] (-) TimerEvent: {}
[2.007351] (-) TimerEvent: {}
[2.107795] (-) TimerEvent: {}
[2.208803] (-) TimerEvent: {}
[2.309418] (-) TimerEvent: {}
[2.410299] (-) TimerEvent: {}
[2.511619] (-) TimerEvent: {}
[2.612209] (-) TimerEvent: {}
[2.712630] (-) TimerEvent: {}
[2.813076] (-) TimerEvent: {}
[2.913491] (-) TimerEvent: {}
[2.984981] (nodes_pkg) StderrLine: {'line': b'\x1b[01m\x1b[K/home/ben/SNAKE/SOURCE/ros2/src/nodes_pkg/src/node1.cpp:\x1b[m\x1b[K In member function \xe2\x80\x98\x1b[01m\x1b[Kvoid Node1::get_parameters()\x1b[m\x1b[K\xe2\x80\x99:\n'}
[2.985468] (nodes_pkg) StderrLine: {'line': b'\x1b[01m\x1b[K/home/ben/SNAKE/SOURCE/ros2/src/nodes_pkg/src/node1.cpp:91:30:\x1b[m\x1b[K \x1b[01;31m\x1b[Kerror: \x1b[m\x1b[Kno matching function for call to \xe2\x80\x98\x1b[01m\x1b[KNode1::declare_parameter(const char [14], int, const char [5], int)\x1b[m\x1b[K\xe2\x80\x99\n'}
[2.985575] (nodes_pkg) StderrLine: {'line': b'   91 |       \x1b[01;31m\x1b[Kthis->declare_parameter("enc_per_joint",0, "yoni",0)\x1b[m\x1b[K;\n'}
[2.985645] (nodes_pkg) StderrLine: {'line': b'      |       \x1b[01;31m\x1b[K~~~~~~~~~~~~~~~~~~~~~~~^~~~~~~~~~~~~~~~~~~~~~~~~~~~~\x1b[m\x1b[K\n'}
[2.986501] (nodes_pkg) StderrLine: {'line': b'In file included from \x1b[01m\x1b[K/opt/ros/humble/include/rclcpp/rclcpp/executors/single_threaded_executor.hpp:28\x1b[m\x1b[K,\n'}
[2.986743] (nodes_pkg) StderrLine: {'line': b'                 from \x1b[01m\x1b[K/opt/ros/humble/include/rclcpp/rclcpp/executors.hpp:22\x1b[m\x1b[K,\n'}
[2.986827] (nodes_pkg) StderrLine: {'line': b'                 from \x1b[01m\x1b[K/opt/ros/humble/include/rclcpp/rclcpp/rclcpp.hpp:155\x1b[m\x1b[K,\n'}
[2.986908] (nodes_pkg) StderrLine: {'line': b'                 from \x1b[01m\x1b[K/home/ben/SNAKE/SOURCE/ros2/src/nodes_pkg/src/node1.cpp:7\x1b[m\x1b[K:\n'}
[2.987707] (nodes_pkg) StderrLine: {'line': b'\x1b[01m\x1b[K/opt/ros/humble/include/rclcpp/rclcpp/node.hpp:421:3:\x1b[m\x1b[K \x1b[01;36m\x1b[Knote: \x1b[m\x1b[Kcandidate: \xe2\x80\x98\x1b[01m\x1b[Ktemplate<class ParameterT> auto rclcpp::Node::declare_parameter(const string&, const ParameterT&, const ParameterDescriptor&, bool)\x1b[m\x1b[K\xe2\x80\x99\n'}
[2.987948] (nodes_pkg) StderrLine: {'line': b'  421 |   \x1b[01;36m\x1b[Kdeclare_parameter\x1b[m\x1b[K(\n'}
[2.988179] (nodes_pkg) StderrLine: {'line': b'      |   \x1b[01;36m\x1b[K^~~~~~~~~~~~~~~~~\x1b[m\x1b[K\n'}
[2.988374] (nodes_pkg) StderrLine: {'line': b'\x1b[01m\x1b[K/opt/ros/humble/include/rclcpp/rclcpp/node.hpp:421:3:\x1b[m\x1b[K \x1b[01;36m\x1b[Knote: \x1b[m\x1b[K  template argument deduction/substitution failed:\n'}
[2.988549] (nodes_pkg) StderrLine: {'line': b'\x1b[01m\x1b[K/home/ben/SNAKE/SOURCE/ros2/src/nodes_pkg/src/node1.cpp:91:50:\x1b[m\x1b[K \x1b[01;36m\x1b[Knote: \x1b[m\x1b[K  cannot convert \xe2\x80\x98\x1b[01m\x1b[K"yoni"\x1b[m\x1b[K\xe2\x80\x99 (type \xe2\x80\x98\x1b[01m\x1b[Kconst char [5]\x1b[m\x1b[K\xe2\x80\x99) to type \xe2\x80\x98\x1b[01m\x1b[Kconst ParameterDescriptor&\x1b[m\x1b[K\xe2\x80\x99 {aka \xe2\x80\x98\x1b[01m\x1b[Kconst rcl_interfaces::msg::ParameterDescriptor_<std::allocator<void> >&\x1b[m\x1b[K\xe2\x80\x99}\n'}
[2.988770] (nodes_pkg) StderrLine: {'line': b'   91 |       this->declare_parameter("enc_per_joint",0, \x1b[01;36m\x1b[K"yoni"\x1b[m\x1b[K,0);\n'}
[2.988869] (nodes_pkg) StderrLine: {'line': b'      |                                                  \x1b[01;36m\x1b[K^~~~~~\x1b[m\x1b[K\n'}
[2.989018] (nodes_pkg) StderrLine: {'line': b'In file included from \x1b[01m\x1b[K/opt/ros/humble/include/rclcpp/rclcpp/executors/single_threaded_executor.hpp:28\x1b[m\x1b[K,\n'}
[2.989124] (nodes_pkg) StderrLine: {'line': b'                 from \x1b[01m\x1b[K/opt/ros/humble/include/rclcpp/rclcpp/executors.hpp:22\x1b[m\x1b[K,\n'}
[2.989230] (nodes_pkg) StderrLine: {'line': b'                 from \x1b[01m\x1b[K/opt/ros/humble/include/rclcpp/rclcpp/rclcpp.hpp:155\x1b[m\x1b[K,\n'}
[2.989391] (nodes_pkg) StderrLine: {'line': b'                 from \x1b[01m\x1b[K/home/ben/SNAKE/SOURCE/ros2/src/nodes_pkg/src/node1.cpp:7\x1b[m\x1b[K:\n'}
[2.989520] (nodes_pkg) StderrLine: {'line': b'\x1b[01m\x1b[K/opt/ros/humble/include/rclcpp/rclcpp/node.hpp:434:3:\x1b[m\x1b[K \x1b[01;36m\x1b[Knote: \x1b[m\x1b[Kcandidate: \xe2\x80\x98\x1b[01m\x1b[Ktemplate<class ParameterT> auto rclcpp::Node::declare_parameter(const string&, const ParameterDescriptor&, bool)\x1b[m\x1b[K\xe2\x80\x99\n'}
[2.989724] (nodes_pkg) StderrLine: {'line': b'  434 |   \x1b[01;36m\x1b[Kdeclare_parameter\x1b[m\x1b[K(\n'}
[2.989790] (nodes_pkg) StderrLine: {'line': b'      |   \x1b[01;36m\x1b[K^~~~~~~~~~~~~~~~~\x1b[m\x1b[K\n'}
[2.989941] (nodes_pkg) StderrLine: {'line': b'\x1b[01m\x1b[K/opt/ros/humble/include/rclcpp/rclcpp/node.hpp:434:3:\x1b[m\x1b[K \x1b[01;36m\x1b[Knote: \x1b[m\x1b[K  template argument deduction/substitution failed:\n'}
[2.990534] (nodes_pkg) StderrLine: {'line': b'\x1b[01m\x1b[K/home/ben/SNAKE/SOURCE/ros2/src/nodes_pkg/src/node1.cpp:91:30:\x1b[m\x1b[K \x1b[01;36m\x1b[Knote: \x1b[m\x1b[K  candidate expects 3 arguments, 4 provided\n'}
[2.991005] (nodes_pkg) StderrLine: {'line': b'   91 |       \x1b[01;36m\x1b[Kthis->declare_parameter("enc_per_joint",0, "yoni",0)\x1b[m\x1b[K;\n'}
[2.991181] (nodes_pkg) StderrLine: {'line': b'      |       \x1b[01;36m\x1b[K~~~~~~~~~~~~~~~~~~~~~~~^~~~~~~~~~~~~~~~~~~~~~~~~~~~~\x1b[m\x1b[K\n'}
[2.991383] (nodes_pkg) StderrLine: {'line': b'In file included from \x1b[01m\x1b[K/opt/ros/humble/include/rclcpp/rclcpp/executors/single_threaded_executor.hpp:28\x1b[m\x1b[K,\n'}
[2.991496] (nodes_pkg) StderrLine: {'line': b'                 from \x1b[01m\x1b[K/opt/ros/humble/include/rclcpp/rclcpp/executors.hpp:22\x1b[m\x1b[K,\n'}
[2.991571] (nodes_pkg) StderrLine: {'line': b'                 from \x1b[01m\x1b[K/opt/ros/humble/include/rclcpp/rclcpp/rclcpp.hpp:155\x1b[m\x1b[K,\n'}
[2.991671] (nodes_pkg) StderrLine: {'line': b'                 from \x1b[01m\x1b[K/home/ben/SNAKE/SOURCE/ros2/src/nodes_pkg/src/node1.cpp:7\x1b[m\x1b[K:\n'}
[2.991749] (nodes_pkg) StderrLine: {'line': b'\x1b[01m\x1b[K/opt/ros/humble/include/rclcpp/rclcpp/node.hpp:366:3:\x1b[m\x1b[K \x1b[01;36m\x1b[Knote: \x1b[m\x1b[Kcandidate: \xe2\x80\x98\x1b[01m\x1b[Kconst rclcpp::ParameterValue& rclcpp::Node::declare_parameter(const string&, const rclcpp::ParameterValue&, const ParameterDescriptor&, bool)\x1b[m\x1b[K\xe2\x80\x99\n'}
[2.991823] (nodes_pkg) StderrLine: {'line': b'  366 |   \x1b[01;36m\x1b[Kdeclare_parameter\x1b[m\x1b[K(\n'}
[2.991890] (nodes_pkg) StderrLine: {'line': b'      |   \x1b[01;36m\x1b[K^~~~~~~~~~~~~~~~~\x1b[m\x1b[K\n'}
[2.991958] (nodes_pkg) StderrLine: {'line': b'\x1b[01m\x1b[K/opt/ros/humble/include/rclcpp/rclcpp/node.hpp:368:36:\x1b[m\x1b[K \x1b[01;36m\x1b[Knote: \x1b[m\x1b[K  no known conversion for argument 2 from \xe2\x80\x98\x1b[01m\x1b[Kint\x1b[m\x1b[K\xe2\x80\x99 to \xe2\x80\x98\x1b[01m\x1b[Kconst rclcpp::ParameterValue&\x1b[m\x1b[K\xe2\x80\x99\n'}
[2.992128] (nodes_pkg) StderrLine: {'line': b'  368 |     \x1b[01;36m\x1b[Kconst rclcpp::ParameterValue & default_value\x1b[m\x1b[K,\n'}
[2.992272] (nodes_pkg) StderrLine: {'line': b'      |     \x1b[01;36m\x1b[K~~~~~~~~~~~~~~~~~~~~~~~~~~~~~~~^~~~~~~~~~~~~\x1b[m\x1b[K\n'}
[2.992435] (nodes_pkg) StderrLine: {'line': b'\x1b[01m\x1b[K/opt/ros/humble/include/rclcpp/rclcpp/node.hpp:391:3:\x1b[m\x1b[K \x1b[01;36m\x1b[Knote: \x1b[m\x1b[Kcandidate: \xe2\x80\x98\x1b[01m\x1b[Kconst rclcpp::ParameterValue& rclcpp::Node::declare_parameter(const string&, rclcpp::ParameterType, const ParameterDescriptor&, bool)\x1b[m\x1b[K\xe2\x80\x99\n'}
[2.992534] (nodes_pkg) StderrLine: {'line': b'  391 |   \x1b[01;36m\x1b[Kdeclare_parameter\x1b[m\x1b[K(\n'}
[2.992626] (nodes_pkg) StderrLine: {'line': b'      |   \x1b[01;36m\x1b[K^~~~~~~~~~~~~~~~~\x1b[m\x1b[K\n'}
[2.992688] (nodes_pkg) StderrLine: {'line': b'\x1b[01m\x1b[K/opt/ros/humble/include/rclcpp/rclcpp/node.hpp:394:54:\x1b[m\x1b[K \x1b[01;36m\x1b[Knote: \x1b[m\x1b[K  no known conversion for argument 3 from \xe2\x80\x98\x1b[01m\x1b[Kconst char [5]\x1b[m\x1b[K\xe2\x80\x99 to \xe2\x80\x98\x1b[01m\x1b[Kconst ParameterDescriptor&\x1b[m\x1b[K\xe2\x80\x99 {aka \xe2\x80\x98\x1b[01m\x1b[Kconst rcl_interfaces::msg::ParameterDescriptor_<std::allocator<void> >&\x1b[m\x1b[K\xe2\x80\x99}\n'}
[2.992783] (nodes_pkg) StderrLine: {'line': b'  394 |     \x1b[01;36m\x1b[Kconst rcl_interfaces::msg::ParameterDescriptor & parameter_descriptor =\x1b[m\x1b[K\n'}
[2.992895] (nodes_pkg) StderrLine: {'line': b'      |     \x1b[01;36m\x1b[K~~~~~~~~~~~~~~~~~~~~~~~~~~~~~~~~~~~~~~~~~~~~~~~~~^~~~~~~~~~~~~~~~~~~~~~\x1b[m\x1b[K\n'}
[2.992993] (nodes_pkg) StderrLine: {'line': b'  395 | \x1b[01;36m\x1b[K    rcl_interfaces::msg::ParameterDescriptor{}\x1b[m\x1b[K,\n'}
[2.993085] (nodes_pkg) StderrLine: {'line': b'      |     \x1b[01;36m\x1b[K~~~~~~~~~~~~~~~~~~~~~~~~~~~~~~~~~~~~~~~~~~\x1b[m\x1b[K        \n'}
[3.013883] (-) TimerEvent: {}
[3.114636] (-) TimerEvent: {}
[3.215057] (-) TimerEvent: {}
[3.315397] (-) TimerEvent: {}
[3.415793] (-) TimerEvent: {}
[3.516387] (-) TimerEvent: {}
[3.617136] (-) TimerEvent: {}
[3.717470] (-) TimerEvent: {}
[3.817870] (-) TimerEvent: {}
[3.918269] (-) TimerEvent: {}
[4.018707] (-) TimerEvent: {}
[4.119034] (-) TimerEvent: {}
[4.219372] (-) TimerEvent: {}
[4.319774] (-) TimerEvent: {}
[4.420119] (-) TimerEvent: {}
[4.520471] (-) TimerEvent: {}
[4.620916] (-) TimerEvent: {}
[4.721263] (-) TimerEvent: {}
[4.821660] (-) TimerEvent: {}
[4.922097] (-) TimerEvent: {}
[5.022439] (-) TimerEvent: {}
[5.122897] (-) TimerEvent: {}
[5.223320] (-) TimerEvent: {}
[5.323697] (-) TimerEvent: {}
[5.424093] (-) TimerEvent: {}
[5.524495] (-) TimerEvent: {}
[5.559463] (nodes_pkg) StderrLine: {'line': b'gmake[2]: *** [CMakeFiles/node1.dir/build.make:76: CMakeFiles/node1.dir/src/node1.cpp.o] Error 1\n'}
[5.560412] (nodes_pkg) StderrLine: {'line': b'gmake[1]: *** [CMakeFiles/Makefile2:139: CMakeFiles/node1.dir/all] Error 2\n'}
[5.560678] (nodes_pkg) StderrLine: {'line': b'gmake: *** [Makefile:146: all] Error 2\n'}
[5.563142] (nodes_pkg) CommandEnded: {'returncode': 2}
[5.625588] (-) TimerEvent: {}
[5.629507] (nodes_pkg) JobEnded: {'identifier': 'nodes_pkg', 'rc': 2}
[5.630561] (-) EventReactorShutdown: {}
