[0.015s] Invoking command in '/home/ben/SNAKE/SOURCE/ros2/build/nodes_pkg': CMAKE_PREFIX_PATH=${CMAKE_PREFIX_PATH}:/opt/ros/humble /usr/bin/cmake --build /home/ben/SNAKE/SOURCE/ros2/build/nodes_pkg -- -j3 -l3
[0.068s] [35m[1mConsolidate compiler generated dependencies of target node1[0m
[0.081s] [ 50%] Built target node2
[0.097s] [ 75%] [32mBuilding CXX object CMakeFiles/node1.dir/src/node1.cpp.o[0m
[2.560s] [01m[K/home/ben/SNAKE/SOURCE/ros2/src/nodes_pkg/src/node1.cpp:[m[K In member function â€˜[01m[Kvoid Node1::get_parameters()[m[Kâ€™:
[2.561s] [01m[K/home/ben/SNAKE/SOURCE/ros2/src/nodes_pkg/src/node1.cpp:102:56:[m[K [01;31m[Kerror: [m[Kno match for â€˜[01m[Koperator=[m[Kâ€™ (operand types are â€˜[01m[Kstd::vector<float>[m[Kâ€™ and â€˜[01m[Kconst std::vector<double, std::allocator<double> >[m[Kâ€™)
[2.561s]   102 |        kp_ = this->get_parameter("kp").as_double_array([01;31m[K)[m[K;
[2.561s]       |                                                        [01;31m[K^[m[K
[2.561s] In file included from [01m[K/usr/include/c++/11/vector:72[m[K,
[2.561s]                  from [01m[K/usr/include/c++/11/functional:62[m[K,
[2.561s]                  from [01m[K/home/ben/SNAKE/SOURCE/ros2/src/nodes_pkg/src/node1.cpp:2[m[K:
[2.562s] [01m[K/usr/include/c++/11/bits/vector.tcc:198:5:[m[K [01;36m[Knote: [m[Kcandidate: â€˜[01m[Kstd::vector<_Tp, _Alloc>& std::vector<_Tp, _Alloc>::operator=(const std::vector<_Tp, _Alloc>&) [with _Tp = float; _Alloc = std::allocator<float>][m[Kâ€™
[2.562s]   198 |     [01;36m[Kvector<_Tp, _Alloc>[m[K::
[2.562s]       |     [01;36m[K^~~~~~~~~~~~~~~~~~~[m[K
[2.563s] [01m[K/usr/include/c++/11/bits/vector.tcc:199:42:[m[K [01;36m[Knote: [m[K  no known conversion for argument 1 from â€˜[01m[Kconst std::vector<double, std::allocator<double> >[m[Kâ€™ to â€˜[01m[Kconst std::vector<float>&[m[Kâ€™
[2.563s]   199 |     operator=([01;36m[Kconst vector<_Tp, _Alloc>& __x[m[K)
[2.563s]       |               [01;36m[K~~~~~~~~~~~~~~~~~~~~~~~~~~~^~~[m[K
[2.563s] In file included from [01m[K/usr/include/c++/11/vector:67[m[K,
[2.563s]                  from [01m[K/usr/include/c++/11/functional:62[m[K,
[2.563s]                  from [01m[K/home/ben/SNAKE/SOURCE/ros2/src/nodes_pkg/src/node1.cpp:2[m[K:
[2.564s] [01m[K/usr/include/c++/11/bits/stl_vector.h:709:7:[m[K [01;36m[Knote: [m[Kcandidate: â€˜[01m[Kstd::vector<_Tp, _Alloc>& std::vector<_Tp, _Alloc>::operator=(std::vector<_Tp, _Alloc>&&) [with _Tp = float; _Alloc = std::allocator<float>][m[Kâ€™
[2.564s]   709 |       [01;36m[Koperator[m[K=(vector&& __x) noexcept(_Alloc_traits::_S_nothrow_move())
[2.564s]       |       [01;36m[K^~~~~~~~[m[K
[2.564s] [01m[K/usr/include/c++/11/bits/stl_vector.h:709:26:[m[K [01;36m[Knote: [m[K  no known conversion for argument 1 from â€˜[01m[Kconst std::vector<double, std::allocator<double> >[m[Kâ€™ to â€˜[01m[Kstd::vector<float>&&[m[Kâ€™
[2.564s]   709 |       operator=([01;36m[Kvector&& __x[m[K) noexcept(_Alloc_traits::_S_nothrow_move())
[2.564s]       |                 [01;36m[K~~~~~~~~~^~~[m[K
[2.564s] [01m[K/usr/include/c++/11/bits/stl_vector.h:730:7:[m[K [01;36m[Knote: [m[Kcandidate: â€˜[01m[Kstd::vector<_Tp, _Alloc>& std::vector<_Tp, _Alloc>::operator=(std::initializer_list<_Tp>) [with _Tp = float; _Alloc = std::allocator<float>][m[Kâ€™
[2.564s]   730 |       [01;36m[Koperator[m[K=(initializer_list<value_type> __l)
[2.565s]       |       [01;36m[K^~~~~~~~[m[K
[2.565s] [01m[K/usr/include/c++/11/bits/stl_vector.h:730:46:[m[K [01;36m[Knote: [m[K  no known conversion for argument 1 from â€˜[01m[Kconst std::vector<double, std::allocator<double> >[m[Kâ€™ to â€˜[01m[Kstd::initializer_list<float>[m[Kâ€™
[2.565s]   730 |       operator=([01;36m[Kinitializer_list<value_type> __l[m[K)
[2.565s]       |                 [01;36m[K~~~~~~~~~~~~~~~~~~~~~~~~~~~~~^~~[m[K
[5.398s] gmake[2]: *** [CMakeFiles/node1.dir/build.make:76: CMakeFiles/node1.dir/src/node1.cpp.o] Error 1
[5.398s] gmake[1]: *** [CMakeFiles/Makefile2:139: CMakeFiles/node1.dir/all] Error 2
[5.399s] gmake: *** [Makefile:146: all] Error 2
[5.401s] Invoked command in '/home/ben/SNAKE/SOURCE/ros2/build/nodes_pkg' returned '2': CMAKE_PREFIX_PATH=${CMAKE_PREFIX_PATH}:/opt/ros/humble /usr/bin/cmake --build /home/ben/SNAKE/SOURCE/ros2/build/nodes_pkg -- -j3 -l3
