[0.021s] Invoking command in '/home/ben/SNAKE/SOURCE/ros2/build/nodes_pkg': CMAKE_PREFIX_PATH=${CMAKE_PREFIX_PATH}:/opt/ros/humble /usr/bin/cmake --build /home/ben/SNAKE/SOURCE/ros2/build/nodes_pkg -- -j3 -l3
[0.078s] [35m[1mConsolidate compiler generated dependencies of target node1[0m
[0.098s] [ 75%] [32mBuilding CXX object CMakeFiles/node1.dir/src/node1.cpp.o[0m
[0.098s] [ 75%] Built target node2
[2.729s] [01m[K/home/ben/SNAKE/SOURCE/ros2/src/nodes_pkg/src/node1.cpp:116:44:[m[K [01;31m[Kerror: [m[Kredeclaration of â€˜[01m[Kint Node1::strings_per_joint_[m[Kâ€™
[2.730s]   116 |     int controller_freq_,strings_per_joint_[01;31m[K,[m[Kmax_pwm_,enc_z_,enc_y_;
[2.730s]       |                                            [01;31m[K^[m[K
[2.730s] [01m[K/home/ben/SNAKE/SOURCE/ros2/src/nodes_pkg/src/node1.cpp:115:10:[m[K [01;36m[Knote: [m[Kprevious declaration â€˜[01m[Kint Node1::strings_per_joint_[m[Kâ€™
[2.730s]   115 |     int  [01;36m[Kstrings_per_joint_[m[K=2;
[2.730s]       |          [01;36m[K^~~~~~~~~~~~~~~~~~[m[K
[2.731s] [01m[K/home/ben/SNAKE/SOURCE/ros2/src/nodes_pkg/src/node1.cpp:117:25:[m[K [01;31m[Kerror: [m[Kinvalid use of non-static data member â€˜[01m[KNode1::enc_per_joint_[m[Kâ€™
[2.731s]   117 |     float joint_cmd_val[[01;31m[Kenc_per_joint_[m[K*linked_joints_]={0}; // [joint*enc_linked] ******* positive val in the direction of pulling the string
[2.731s]       |                         [01;31m[K^~~~~~~~~~~~~~[m[K
[2.731s] [01m[K/home/ben/SNAKE/SOURCE/ros2/src/nodes_pkg/src/node1.cpp:113:10:[m[K [01;36m[Knote: [m[Kdeclared here
[2.731s]   113 |     int  [01;36m[Kenc_per_joint_[m[K=2;
[2.731s]       |          [01;36m[K^~~~~~~~~~~~~~[m[K
[2.731s] [01m[K/home/ben/SNAKE/SOURCE/ros2/src/nodes_pkg/src/node1.cpp:117:40:[m[K [01;31m[Kerror: [m[Kinvalid use of non-static data member â€˜[01m[KNode1::linked_joints_[m[Kâ€™
[2.731s]   117 |     float joint_cmd_val[enc_per_joint_*[01;31m[Klinked_joints_[m[K]={0}; // [joint*enc_linked] ******* positive val in the direction of pulling the string
[2.731s]       |                                        [01;31m[K^~~~~~~~~~~~~~[m[K
[2.731s] [01m[K/home/ben/SNAKE/SOURCE/ros2/src/nodes_pkg/src/node1.cpp:114:10:[m[K [01;36m[Knote: [m[Kdeclared here
[2.732s]   114 |     int  [01;36m[Klinked_joints_[m[K=2;
[2.732s]       |          [01;36m[K^~~~~~~~~~~~~~[m[K
[2.732s] [01m[K/home/ben/SNAKE/SOURCE/ros2/src/nodes_pkg/src/node1.cpp:118:27:[m[K [01;31m[Kerror: [m[Kinvalid use of non-static data member â€˜[01m[KNode1::enc_per_joint_[m[Kâ€™
[2.732s]   118 |     float current_enc_val[[01;31m[Kenc_per_joint_[m[K*linked_joints_]={0};
[2.732s]       |                           [01;31m[K^~~~~~~~~~~~~~[m[K
[2.732s] [01m[K/home/ben/SNAKE/SOURCE/ros2/src/nodes_pkg/src/node1.cpp:113:10:[m[K [01;36m[Knote: [m[Kdeclared here
[2.732s]   113 |     int  [01;36m[Kenc_per_joint_[m[K=2;
[2.732s]       |          [01;36m[K^~~~~~~~~~~~~~[m[K
[2.732s] [01m[K/home/ben/SNAKE/SOURCE/ros2/src/nodes_pkg/src/node1.cpp:118:42:[m[K [01;31m[Kerror: [m[Kinvalid use of non-static data member â€˜[01m[KNode1::linked_joints_[m[Kâ€™
[2.732s]   118 |     float current_enc_val[enc_per_joint_*[01;31m[Klinked_joints_[m[K]={0};
[2.732s]       |                                          [01;31m[K^~~~~~~~~~~~~~[m[K
[2.732s] [01m[K/home/ben/SNAKE/SOURCE/ros2/src/nodes_pkg/src/node1.cpp:114:10:[m[K [01;36m[Knote: [m[Kdeclared here
[2.733s]   114 |     int  [01;36m[Klinked_joints_[m[K=2;
[2.733s]       |          [01;36m[K^~~~~~~~~~~~~~[m[K
[2.733s] [01m[K/home/ben/SNAKE/SOURCE/ros2/src/nodes_pkg/src/node1.cpp:119:24:[m[K [01;31m[Kerror: [m[Kinvalid use of non-static data member â€˜[01m[KNode1::enc_per_joint_[m[Kâ€™
[2.733s]   119 |     float last_enc_val[[01;31m[Kenc_per_joint_[m[K*linked_joints_]={0};
[2.733s]       |                        [01;31m[K^~~~~~~~~~~~~~[m[K
[2.733s] [01m[K/home/ben/SNAKE/SOURCE/ros2/src/nodes_pkg/src/node1.cpp:113:10:[m[K [01;36m[Knote: [m[Kdeclared here
[2.733s]   113 |     int  [01;36m[Kenc_per_joint_[m[K=2;
[2.733s]       |          [01;36m[K^~~~~~~~~~~~~~[m[K
[2.733s] [01m[K/home/ben/SNAKE/SOURCE/ros2/src/nodes_pkg/src/node1.cpp:119:39:[m[K [01;31m[Kerror: [m[Kinvalid use of non-static data member â€˜[01m[KNode1::linked_joints_[m[Kâ€™
[2.733s]   119 |     float last_enc_val[enc_per_joint_*[01;31m[Klinked_joints_[m[K]={0};
[2.733s]       |                                       [01;31m[K^~~~~~~~~~~~~~[m[K
[2.733s] [01m[K/home/ben/SNAKE/SOURCE/ros2/src/nodes_pkg/src/node1.cpp:114:10:[m[K [01;36m[Knote: [m[Kdeclared here
[2.734s]   114 |     int  [01;36m[Klinked_joints_[m[K=2;
[2.734s]       |          [01;36m[K^~~~~~~~~~~~~~[m[K
[2.734s] [01m[K/home/ben/SNAKE/SOURCE/ros2/src/nodes_pkg/src/node1.cpp:120:31:[m[K [01;31m[Kerror: [m[Kinvalid use of non-static data member â€˜[01m[KNode1::strings_per_joint_[m[Kâ€™
[2.734s]   120 |     float current_tension_val[[01;31m[Kstrings_per_joint_[m[K*(linked_joints_+1)]={0}; // adding 1 for now need to be corrected
[2.735s]       |                               [01;31m[K^~~~~~~~~~~~~~~~~~[m[K
[2.739s] [01m[K/home/ben/SNAKE/SOURCE/ros2/src/nodes_pkg/src/node1.cpp:115:10:[m[K [01;36m[Knote: [m[Kdeclared here
[2.739s]   115 |     int  [01;36m[Kstrings_per_joint_[m[K=2;
[2.739s]       |          [01;36m[K^~~~~~~~~~~~~~~~~~[m[K
[2.740s] [01m[K/home/ben/SNAKE/SOURCE/ros2/src/nodes_pkg/src/node1.cpp:120:51:[m[K [01;31m[Kerror: [m[Kinvalid use of non-static data member â€˜[01m[KNode1::linked_joints_[m[Kâ€™
[2.740s]   120 |     float current_tension_val[strings_per_joint_*([01;31m[Klinked_joints_[m[K+1)]={0}; // adding 1 for now need to be corrected
[2.740s]       |                                                   [01;31m[K^~~~~~~~~~~~~~[m[K
[2.740s] [01m[K/home/ben/SNAKE/SOURCE/ros2/src/nodes_pkg/src/node1.cpp:114:10:[m[K [01;36m[Knote: [m[Kdeclared here
[2.740s]   114 |     int  [01;36m[Klinked_joints_[m[K=2;
[2.740s]       |          [01;36m[K^~~~~~~~~~~~~~[m[K
[2.741s] [01m[K/home/ben/SNAKE/SOURCE/ros2/src/nodes_pkg/src/node1.cpp:121:28:[m[K [01;31m[Kerror: [m[Kinvalid use of non-static data member â€˜[01m[KNode1::strings_per_joint_[m[Kâ€™
[2.741s]   121 |     float last_tension_val[[01;31m[Kstrings_per_joint_[m[K*(linked_joints_+1)]={0};// adding 1 for now need to be corrected
[2.741s]       |                            [01;31m[K^~~~~~~~~~~~~~~~~~[m[K
[2.744s] [01m[K/home/ben/SNAKE/SOURCE/ros2/src/nodes_pkg/src/node1.cpp:115:10:[m[K [01;36m[Knote: [m[Kdeclared here
[2.745s]   115 |     int  [01;36m[Kstrings_per_joint_[m[K=2;
[2.745s]       |          [01;36m[K^~~~~~~~~~~~~~~~~~[m[K
[2.745s] [01m[K/home/ben/SNAKE/SOURCE/ros2/src/nodes_pkg/src/node1.cpp:121:48:[m[K [01;31m[Kerror: [m[Kinvalid use of non-static data member â€˜[01m[KNode1::linked_joints_[m[Kâ€™
[2.746s]   121 |     float last_tension_val[strings_per_joint_*([01;31m[Klinked_joints_[m[K+1)]={0};// adding 1 for now need to be corrected
[2.746s]       |                                                [01;31m[K^~~~~~~~~~~~~~[m[K
[2.747s] [01m[K/home/ben/SNAKE/SOURCE/ros2/src/nodes_pkg/src/node1.cpp:114:10:[m[K [01;36m[Knote: [m[Kdeclared here
[2.747s]   114 |     int  [01;36m[Klinked_joints_[m[K=2;
[2.747s]       |          [01;36m[K^~~~~~~~~~~~~~[m[K
[2.747s] [01m[K/home/ben/SNAKE/SOURCE/ros2/src/nodes_pkg/src/node1.cpp:122:25:[m[K [01;31m[Kerror: [m[Kinvalid use of non-static data member â€˜[01m[KNode1::strings_per_joint_[m[Kâ€™
[2.747s]   122 |     float motor_cmd_val[[01;31m[Kstrings_per_joint_[m[K*(linked_joints_+1)]={0};// adding 1 for now need to be corrected
[2.747s]       |                         [01;31m[K^~~~~~~~~~~~~~~~~~[m[K
[2.748s] [01m[K/home/ben/SNAKE/SOURCE/ros2/src/nodes_pkg/src/node1.cpp:115:10:[m[K [01;36m[Knote: [m[Kdeclared here
[2.748s]   115 |     int  [01;36m[Kstrings_per_joint_[m[K=2;
[2.748s]       |          [01;36m[K^~~~~~~~~~~~~~~~~~[m[K
[2.748s] [01m[K/home/ben/SNAKE/SOURCE/ros2/src/nodes_pkg/src/node1.cpp:122:45:[m[K [01;31m[Kerror: [m[Kinvalid use of non-static data member â€˜[01m[KNode1::linked_joints_[m[Kâ€™
[2.749s]   122 |     float motor_cmd_val[strings_per_joint_*([01;31m[Klinked_joints_[m[K+1)]={0};// adding 1 for now need to be corrected
[2.749s]       |                                             [01;31m[K^~~~~~~~~~~~~~[m[K
[2.749s] [01m[K/home/ben/SNAKE/SOURCE/ros2/src/nodes_pkg/src/node1.cpp:114:10:[m[K [01;36m[Knote: [m[Kdeclared here
[2.749s]   114 |     int  [01;36m[Klinked_joints_[m[K=2;
[2.749s]       |          [01;36m[K^~~~~~~~~~~~~~[m[K
[2.770s] [01m[K/home/ben/SNAKE/SOURCE/ros2/src/nodes_pkg/src/node1.cpp:[m[K In member function â€˜[01m[Kvoid Node1::joint_val_callback(std_msgs::msg::Float32MultiArray)[m[Kâ€™:
[2.770s] [01m[K/home/ben/SNAKE/SOURCE/ros2/src/nodes_pkg/src/node1.cpp:47:9:[m[K [01;31m[Kerror: [m[Kâ€˜[01m[Kcurrent_enc_val[m[Kâ€™ was not declared in this scope
[2.770s]    47 |         [01;31m[Kcurrent_enc_val[m[K[i]=msg.data[i];
[2.770s]       |         [01;31m[K^~~~~~~~~~~~~~~[m[K
[2.777s] [01m[K/home/ben/SNAKE/SOURCE/ros2/src/nodes_pkg/src/node1.cpp:[m[K In member function â€˜[01m[Kvoid Node1::joint_cmd_callback(std_msgs::msg::Float32MultiArray)[m[Kâ€™:
[2.777s] [01m[K/home/ben/SNAKE/SOURCE/ros2/src/nodes_pkg/src/node1.cpp:54:9:[m[K [01;31m[Kerror: [m[Kâ€˜[01m[Kjoint_cmd_val[m[Kâ€™ was not declared in this scope; did you mean â€˜[01m[Kjoint_cmd_callback[m[Kâ€™?
[2.777s]    54 |         [01;31m[Kjoint_cmd_val[m[K[i]=msg.data[i];
[2.778s]       |         [01;31m[K^~~~~~~~~~~~~[m[K
[2.778s]       |         [32m[Kjoint_cmd_callback[m[K
[2.787s] [01m[K/home/ben/SNAKE/SOURCE/ros2/src/nodes_pkg/src/node1.cpp:[m[K In member function â€˜[01m[Kvoid Node1::tension_val_callback(std_msgs::msg::Float32MultiArray)[m[Kâ€™:
[2.787s] [01m[K/home/ben/SNAKE/SOURCE/ros2/src/nodes_pkg/src/node1.cpp:78:9:[m[K [01;31m[Kerror: [m[Kâ€˜[01m[Kcurrent_tension_val[m[Kâ€™ was not declared in this scope
[2.787s]    78 |         [01;31m[Kcurrent_tension_val[m[K[i]=msg.data[i];
[2.787s]       |         [01;31m[K^~~~~~~~~~~~~~~~~~~[m[K
[5.513s] gmake[2]: *** [CMakeFiles/node1.dir/build.make:76: CMakeFiles/node1.dir/src/node1.cpp.o] Error 1
[5.514s] gmake[1]: *** [CMakeFiles/Makefile2:139: CMakeFiles/node1.dir/all] Error 2
[5.515s] gmake: *** [Makefile:146: all] Error 2
[5.516s] Invoked command in '/home/ben/SNAKE/SOURCE/ros2/build/nodes_pkg' returned '2': CMAKE_PREFIX_PATH=${CMAKE_PREFIX_PATH}:/opt/ros/humble /usr/bin/cmake --build /home/ben/SNAKE/SOURCE/ros2/build/nodes_pkg -- -j3 -l3
