[0.019s] Invoking command in '/home/ben/SNAKE/SOURCE/ros2/build/nodes_pkg': CMAKE_PREFIX_PATH=${CMAKE_PREFIX_PATH}:/opt/ros/humble /usr/bin/cmake --build /home/ben/SNAKE/SOURCE/ros2/build/nodes_pkg -- -j3 -l3
[0.084s] [35m[1mConsolidate compiler generated dependencies of target node1[0m
[0.107s] [ 50%] Built target node2
[0.120s] [ 75%] [32mBuilding CXX object CMakeFiles/node1.dir/src/node1.cpp.o[0m
[2.831s] [01m[K/home/ben/SNAKE/SOURCE/ros2/src/nodes_pkg/src/node1.cpp:116:40:[m[K [01;31m[Kerror: [m[Kredeclaration of â€˜[01m[Kint Node1::linked_joints_[m[Kâ€™
[2.831s]   116 |     int controller_freq_,linked_joints_[01;31m[K,[m[Kstrings_per_joint_,max_pwm_,enc_z_,enc_y_;
[2.831s]       |                                        [01;31m[K^[m[K
[2.831s] [01m[K/home/ben/SNAKE/SOURCE/ros2/src/nodes_pkg/src/node1.cpp:114:10:[m[K [01;36m[Knote: [m[Kprevious declaration â€˜[01m[Kint Node1::linked_joints_[m[Kâ€™
[2.831s]   114 |     int  [01;36m[Klinked_joints_[m[K=1;
[2.831s]       |          [01;36m[K^~~~~~~~~~~~~~[m[K
[2.831s] [01m[K/home/ben/SNAKE/SOURCE/ros2/src/nodes_pkg/src/node1.cpp:116:59:[m[K [01;31m[Kerror: [m[Kredeclaration of â€˜[01m[Kint Node1::strings_per_joint_[m[Kâ€™
[2.831s]   116 |     int controller_freq_,linked_joints_,strings_per_joint_[01;31m[K,[m[Kmax_pwm_,enc_z_,enc_y_;
[2.831s]       |                                                           [01;31m[K^[m[K
[2.831s] [01m[K/home/ben/SNAKE/SOURCE/ros2/src/nodes_pkg/src/node1.cpp:115:10:[m[K [01;36m[Knote: [m[Kprevious declaration â€˜[01m[Kint Node1::strings_per_joint_[m[Kâ€™
[2.831s]   115 |     int  [01;36m[Kstrings_per_joint_[m[K=1;
[2.831s]       |          [01;36m[K^~~~~~~~~~~~~~~~~~[m[K
[2.831s] [01m[K/home/ben/SNAKE/SOURCE/ros2/src/nodes_pkg/src/node1.cpp:117:25:[m[K [01;31m[Kerror: [m[Kinvalid use of non-static data member â€˜[01m[KNode1::enc_per_joint_[m[Kâ€™
[2.831s]   117 |     float joint_cmd_val[[01;31m[Kenc_per_joint_[m[K*linked_joints_]={0}; // [joint*enc_linked] ******* positive val in the direction of pulling the string
[2.831s]       |                         [01;31m[K^~~~~~~~~~~~~~[m[K
[2.831s] [01m[K/home/ben/SNAKE/SOURCE/ros2/src/nodes_pkg/src/node1.cpp:113:10:[m[K [01;36m[Knote: [m[Kdeclared here
[2.832s]   113 |     int  [01;36m[Kenc_per_joint_[m[K=1;
[2.832s]       |          [01;36m[K^~~~~~~~~~~~~~[m[K
[2.832s] [01m[K/home/ben/SNAKE/SOURCE/ros2/src/nodes_pkg/src/node1.cpp:117:40:[m[K [01;31m[Kerror: [m[Kinvalid use of non-static data member â€˜[01m[KNode1::linked_joints_[m[Kâ€™
[2.832s]   117 |     float joint_cmd_val[enc_per_joint_*[01;31m[Klinked_joints_[m[K]={0}; // [joint*enc_linked] ******* positive val in the direction of pulling the string
[2.832s]       |                                        [01;31m[K^~~~~~~~~~~~~~[m[K
[2.832s] [01m[K/home/ben/SNAKE/SOURCE/ros2/src/nodes_pkg/src/node1.cpp:114:10:[m[K [01;36m[Knote: [m[Kdeclared here
[2.832s]   114 |     int  [01;36m[Klinked_joints_[m[K=1;
[2.832s]       |          [01;36m[K^~~~~~~~~~~~~~[m[K
[2.833s] [01m[K/home/ben/SNAKE/SOURCE/ros2/src/nodes_pkg/src/node1.cpp:118:27:[m[K [01;31m[Kerror: [m[Kinvalid use of non-static data member â€˜[01m[KNode1::enc_per_joint_[m[Kâ€™
[2.833s]   118 |     float current_enc_val[[01;31m[Kenc_per_joint_[m[K*linked_joints_]={0};
[2.833s]       |                           [01;31m[K^~~~~~~~~~~~~~[m[K
[2.833s] [01m[K/home/ben/SNAKE/SOURCE/ros2/src/nodes_pkg/src/node1.cpp:113:10:[m[K [01;36m[Knote: [m[Kdeclared here
[2.833s]   113 |     int  [01;36m[Kenc_per_joint_[m[K=1;
[2.833s]       |          [01;36m[K^~~~~~~~~~~~~~[m[K
[2.833s] [01m[K/home/ben/SNAKE/SOURCE/ros2/src/nodes_pkg/src/node1.cpp:118:42:[m[K [01;31m[Kerror: [m[Kinvalid use of non-static data member â€˜[01m[KNode1::linked_joints_[m[Kâ€™
[2.833s]   118 |     float current_enc_val[enc_per_joint_*[01;31m[Klinked_joints_[m[K]={0};
[2.833s]       |                                          [01;31m[K^~~~~~~~~~~~~~[m[K
[2.833s] [01m[K/home/ben/SNAKE/SOURCE/ros2/src/nodes_pkg/src/node1.cpp:114:10:[m[K [01;36m[Knote: [m[Kdeclared here
[2.833s]   114 |     int  [01;36m[Klinked_joints_[m[K=1;
[2.833s]       |          [01;36m[K^~~~~~~~~~~~~~[m[K
[2.833s] [01m[K/home/ben/SNAKE/SOURCE/ros2/src/nodes_pkg/src/node1.cpp:119:24:[m[K [01;31m[Kerror: [m[Kinvalid use of non-static data member â€˜[01m[KNode1::enc_per_joint_[m[Kâ€™
[2.834s]   119 |     float last_enc_val[[01;31m[Kenc_per_joint_[m[K*linked_joints_]={0};
[2.834s]       |                        [01;31m[K^~~~~~~~~~~~~~[m[K
[2.834s] [01m[K/home/ben/SNAKE/SOURCE/ros2/src/nodes_pkg/src/node1.cpp:113:10:[m[K [01;36m[Knote: [m[Kdeclared here
[2.834s]   113 |     int  [01;36m[Kenc_per_joint_[m[K=1;
[2.834s]       |          [01;36m[K^~~~~~~~~~~~~~[m[K
[2.834s] [01m[K/home/ben/SNAKE/SOURCE/ros2/src/nodes_pkg/src/node1.cpp:119:39:[m[K [01;31m[Kerror: [m[Kinvalid use of non-static data member â€˜[01m[KNode1::linked_joints_[m[Kâ€™
[2.834s]   119 |     float last_enc_val[enc_per_joint_*[01;31m[Klinked_joints_[m[K]={0};
[2.834s]       |                                       [01;31m[K^~~~~~~~~~~~~~[m[K
[2.834s] [01m[K/home/ben/SNAKE/SOURCE/ros2/src/nodes_pkg/src/node1.cpp:114:10:[m[K [01;36m[Knote: [m[Kdeclared here
[2.834s]   114 |     int  [01;36m[Klinked_joints_[m[K=1;
[2.834s]       |          [01;36m[K^~~~~~~~~~~~~~[m[K
[2.834s] [01m[K/home/ben/SNAKE/SOURCE/ros2/src/nodes_pkg/src/node1.cpp:120:31:[m[K [01;31m[Kerror: [m[Kinvalid use of non-static data member â€˜[01m[KNode1::strings_per_joint_[m[Kâ€™
[2.834s]   120 |     float current_tension_val[[01;31m[Kstrings_per_joint_[m[K*(linked_joints_+1)]={0}; // adding 1 for now need to be corrected
[2.834s]       |                               [01;31m[K^~~~~~~~~~~~~~~~~~[m[K
[2.834s] [01m[K/home/ben/SNAKE/SOURCE/ros2/src/nodes_pkg/src/node1.cpp:115:10:[m[K [01;36m[Knote: [m[Kdeclared here
[2.834s]   115 |     int  [01;36m[Kstrings_per_joint_[m[K=1;
[2.834s]       |          [01;36m[K^~~~~~~~~~~~~~~~~~[m[K
[2.835s] [01m[K/home/ben/SNAKE/SOURCE/ros2/src/nodes_pkg/src/node1.cpp:120:51:[m[K [01;31m[Kerror: [m[Kinvalid use of non-static data member â€˜[01m[KNode1::linked_joints_[m[Kâ€™
[2.835s]   120 |     float current_tension_val[strings_per_joint_*([01;31m[Klinked_joints_[m[K+1)]={0}; // adding 1 for now need to be corrected
[2.835s]       |                                                   [01;31m[K^~~~~~~~~~~~~~[m[K
[2.835s] [01m[K/home/ben/SNAKE/SOURCE/ros2/src/nodes_pkg/src/node1.cpp:114:10:[m[K [01;36m[Knote: [m[Kdeclared here
[2.835s]   114 |     int  [01;36m[Klinked_joints_[m[K=1;
[2.835s]       |          [01;36m[K^~~~~~~~~~~~~~[m[K
[2.835s] [01m[K/home/ben/SNAKE/SOURCE/ros2/src/nodes_pkg/src/node1.cpp:121:28:[m[K [01;31m[Kerror: [m[Kinvalid use of non-static data member â€˜[01m[KNode1::strings_per_joint_[m[Kâ€™
[2.835s]   121 |     float last_tension_val[[01;31m[Kstrings_per_joint_[m[K*(linked_joints_+1)]={0};// adding 1 for now need to be corrected
[2.835s]       |                            [01;31m[K^~~~~~~~~~~~~~~~~~[m[K
[2.835s] [01m[K/home/ben/SNAKE/SOURCE/ros2/src/nodes_pkg/src/node1.cpp:115:10:[m[K [01;36m[Knote: [m[Kdeclared here
[2.835s]   115 |     int  [01;36m[Kstrings_per_joint_[m[K=1;
[2.835s]       |          [01;36m[K^~~~~~~~~~~~~~~~~~[m[K
[2.835s] [01m[K/home/ben/SNAKE/SOURCE/ros2/src/nodes_pkg/src/node1.cpp:121:48:[m[K [01;31m[Kerror: [m[Kinvalid use of non-static data member â€˜[01m[KNode1::linked_joints_[m[Kâ€™
[2.835s]   121 |     float last_tension_val[strings_per_joint_*([01;31m[Klinked_joints_[m[K+1)]={0};// adding 1 for now need to be corrected
[2.835s]       |                                                [01;31m[K^~~~~~~~~~~~~~[m[K
[2.835s] [01m[K/home/ben/SNAKE/SOURCE/ros2/src/nodes_pkg/src/node1.cpp:114:10:[m[K [01;36m[Knote: [m[Kdeclared here
[2.835s]   114 |     int  [01;36m[Klinked_joints_[m[K=1;
[2.835s]       |          [01;36m[K^~~~~~~~~~~~~~[m[K
[2.835s] [01m[K/home/ben/SNAKE/SOURCE/ros2/src/nodes_pkg/src/node1.cpp:122:25:[m[K [01;31m[Kerror: [m[Kinvalid use of non-static data member â€˜[01m[KNode1::strings_per_joint_[m[Kâ€™
[2.836s]   122 |     float motor_cmd_val[[01;31m[Kstrings_per_joint_[m[K*(linked_joints_+1)]={0};// adding 1 for now need to be corrected
[2.836s]       |                         [01;31m[K^~~~~~~~~~~~~~~~~~[m[K
[2.836s] [01m[K/home/ben/SNAKE/SOURCE/ros2/src/nodes_pkg/src/node1.cpp:115:10:[m[K [01;36m[Knote: [m[Kdeclared here
[2.836s]   115 |     int  [01;36m[Kstrings_per_joint_[m[K=1;
[2.836s]       |          [01;36m[K^~~~~~~~~~~~~~~~~~[m[K
[2.836s] [01m[K/home/ben/SNAKE/SOURCE/ros2/src/nodes_pkg/src/node1.cpp:122:45:[m[K [01;31m[Kerror: [m[Kinvalid use of non-static data member â€˜[01m[KNode1::linked_joints_[m[Kâ€™
[2.836s]   122 |     float motor_cmd_val[strings_per_joint_*([01;31m[Klinked_joints_[m[K+1)]={0};// adding 1 for now need to be corrected
[2.836s]       |                                             [01;31m[K^~~~~~~~~~~~~~[m[K
[2.836s] [01m[K/home/ben/SNAKE/SOURCE/ros2/src/nodes_pkg/src/node1.cpp:114:10:[m[K [01;36m[Knote: [m[Kdeclared here
[2.836s]   114 |     int  [01;36m[Klinked_joints_[m[K=1;
[2.836s]       |          [01;36m[K^~~~~~~~~~~~~~[m[K
[2.859s] [01m[K/home/ben/SNAKE/SOURCE/ros2/src/nodes_pkg/src/node1.cpp:[m[K In member function â€˜[01m[Kvoid Node1::joint_val_callback(std_msgs::msg::Float32MultiArray)[m[Kâ€™:
[2.860s] [01m[K/home/ben/SNAKE/SOURCE/ros2/src/nodes_pkg/src/node1.cpp:47:9:[m[K [01;31m[Kerror: [m[Kâ€˜[01m[Kcurrent_enc_val[m[Kâ€™ was not declared in this scope
[2.860s]    47 |         [01;31m[Kcurrent_enc_val[m[K[i]=msg.data[i];
[2.860s]       |         [01;31m[K^~~~~~~~~~~~~~~[m[K
[2.866s] [01m[K/home/ben/SNAKE/SOURCE/ros2/src/nodes_pkg/src/node1.cpp:[m[K In member function â€˜[01m[Kvoid Node1::joint_cmd_callback(std_msgs::msg::Float32MultiArray)[m[Kâ€™:
[2.866s] [01m[K/home/ben/SNAKE/SOURCE/ros2/src/nodes_pkg/src/node1.cpp:54:9:[m[K [01;31m[Kerror: [m[Kâ€˜[01m[Kjoint_cmd_val[m[Kâ€™ was not declared in this scope; did you mean â€˜[01m[Kjoint_cmd_callback[m[Kâ€™?
[2.866s]    54 |         [01;31m[Kjoint_cmd_val[m[K[i]=msg.data[i];
[2.866s]       |         [01;31m[K^~~~~~~~~~~~~[m[K
[2.866s]       |         [32m[Kjoint_cmd_callback[m[K
[2.874s] [01m[K/home/ben/SNAKE/SOURCE/ros2/src/nodes_pkg/src/node1.cpp:[m[K In member function â€˜[01m[Kvoid Node1::tension_val_callback(std_msgs::msg::Float32MultiArray)[m[Kâ€™:
[2.874s] [01m[K/home/ben/SNAKE/SOURCE/ros2/src/nodes_pkg/src/node1.cpp:78:9:[m[K [01;31m[Kerror: [m[Kâ€˜[01m[Kcurrent_tension_val[m[Kâ€™ was not declared in this scope
[2.874s]    78 |         [01;31m[Kcurrent_tension_val[m[K[i]=msg.data[i];
[2.874s]       |         [01;31m[K^~~~~~~~~~~~~~~~~~~[m[K
[5.341s] gmake[2]: *** [CMakeFiles/node1.dir/build.make:76: CMakeFiles/node1.dir/src/node1.cpp.o] Error 1
[5.341s] gmake[1]: *** [CMakeFiles/Makefile2:139: CMakeFiles/node1.dir/all] Error 2
[5.341s] gmake: *** [Makefile:146: all] Error 2
[5.344s] Invoked command in '/home/ben/SNAKE/SOURCE/ros2/build/nodes_pkg' returned '2': CMAKE_PREFIX_PATH=${CMAKE_PREFIX_PATH}:/opt/ros/humble /usr/bin/cmake --build /home/ben/SNAKE/SOURCE/ros2/build/nodes_pkg -- -j3 -l3
